<?xml version="1.0" encoding="UTF-8"?>
<!-- Generated by org.testng.reporters.JUnitXMLReporter -->
<testsuite ignored="1" hostname="ASMs-MacBook-Pro.local" failures="0" tests="1" name="Default test" time="1.998" errors="0" timestamp="2022-08-18T11:50:30 EDT">
  <testcase classname="apiRestAssured.PostAppTest" name="checkStatusCode1" time="1.963"/>
  <testcase classname="apiRestAssured.PostAppTest" name="checkStatusCode" time="0.0">
    <ignored/>
  </testcase> <!-- checkStatusCode -->
</testsuite> <!-- Default test -->
