<?xml version="1.0" encoding="UTF-8"?>
<!-- Generated by org.testng.reporters.JUnitXMLReporter -->
<testsuite ignored="7" hostname="ASMs-MacBook-Pro.local" failures="0" tests="1" name="Default test" time="2.394" errors="0" timestamp="2022-08-22T11:13:58 EDT">
  <testcase classname="apiRestAssured.PostApiTest" name="verifyEmployeeOnleave" time="0.162"/>
  <testcase classname="apiRestAssured.PostApiTest" name="deletePostedRecord" time="0.0">
    <ignored/>
  </testcase> <!-- deletePostedRecord -->
  <testcase classname="apiRestAssured.PostApiTest" name="getEmpID" time="0.0">
    <ignored/>
  </testcase> <!-- getEmpID -->
  <testcase classname="apiRestAssured.PostApiTest" name="checkStatusCode" time="0.0">
    <ignored/>
  </testcase> <!-- checkStatusCode -->
  <testcase classname="apiRestAssured.PostApiTest" name="postRecord" time="0.0">
    <ignored/>
  </testcase> <!-- postRecord -->
  <testcase classname="apiRestAssured.PostApiTest" name="verifyEmployeefirstName" time="0.0">
    <ignored/>
  </testcase> <!-- verifyEmployeefirstName -->
  <testcase classname="apiRestAssured.PostApiTest" name="checkStatusCode1" time="0.0">
    <ignored/>
  </testcase> <!-- checkStatusCode1 -->
  <testcase classname="apiRestAssured.PostApiTest" name="verifyEmployeeGender" time="0.0">
    <ignored/>
  </testcase> <!-- verifyEmployeeGender -->
</testsuite> <!-- Default test -->
