<?xml version="1.0" encoding="UTF-8"?>
<testng-results ignored="0" total="1" passed="1" failed="0" skipped="0">
  <reporter-output>
  </reporter-output>
  <suite started-at="2022-08-17T22:03:36 EDT" name="Default suite" finished-at="2022-08-17T22:04:13 EDT" duration-ms="37156">
    <groups>
    </groups>
    <test started-at="2022-08-17T22:03:36 EDT" name="Default test" finished-at="2022-08-17T22:04:13 EDT" duration-ms="37156">
      <class name="testScenarios.AppTest">
        <test-method is-config="true" signature="beforeTestS()[pri:0, instance:testScenarios.AppTest@6fd83fc1]" started-at="2022-08-17T22:03:36 EDT" name="beforeTestS" finished-at="2022-08-17T22:04:13 EDT" duration-ms="36806" status="PASS">
          <reporter-output>
          </reporter-output>
        </test-method> <!-- beforeTestS -->
        <test-method signature="testScenarioOne()[pri:0, instance:testScenarios.AppTest@6fd83fc1]" started-at="2022-08-17T22:04:13 EDT" name="testScenarioOne" finished-at="2022-08-17T22:04:13 EDT" duration-ms="156" status="PASS">
          <reporter-output>
          </reporter-output>
        </test-method> <!-- testScenarioOne -->
        <test-method is-config="true" signature="tearDown()[pri:0, instance:testScenarios.AppTest@6fd83fc1]" started-at="2022-08-17T22:04:13 EDT" name="tearDown" finished-at="2022-08-17T22:04:13 EDT" duration-ms="164" status="PASS">
          <reporter-output>
          </reporter-output>
        </test-method> <!-- tearDown -->
      </class> <!-- testScenarios.AppTest -->
    </test> <!-- Default test -->
  </suite> <!-- Default suite -->
</testng-results>
